Name                    Stmts   Miss  Cover   Missing
-----------------------------------------------------
pypgpeed/__init__.py        3      0   100%
pypgpeed/functions.py      48     18    62%   17, 22-23, 43-48, 62-63, 67-90
pypgpeed/pgp.py            77      6    92%   52-53, 58-59, 78-79
pypgpeed/run.py            15      8    47%   10-16, 19
pypgpeed/window.py        340    112    67%   17-34, 41-87, 91-128, 432-439, 444-446, 456-458, 466-471, 483-485, 489-491, 495-499, 504-506, 509-512
-----------------------------------------------------
TOTAL                     483    144    70%
