Name                    Stmts   Miss  Cover   Missing
-----------------------------------------------------
pypgpeed/__init__.py        3      0   100%
pypgpeed/functions.py      48     14    71%   17, 22-23, 62-63, 67-90
pypgpeed/pgp.py            77      6    92%   52-53, 58-59, 78-79
pypgpeed/run.py            15      8    47%   10-16, 19
pypgpeed/window.py        347     56    84%   17-34, 103-104, 106-107, 109-110, 112-113, 115-116, 118-119, 121-122, 124-125, 127-128, 443-450, 455-457, 467-469, 477-482, 494-496, 500-502, 506-508, 517, 522-525
-----------------------------------------------------
TOTAL                     490     84    83%
